<?xml version="1.0" encoding="UTF-8"?>
<coverage generated="1764359114890" clover="3.2.0">
  <project timestamp="1764359114890" name="All files">
    <metrics statements="35" coveredstatements="34" conditionals="13" coveredconditionals="8" methods="14" coveredmethods="13" elements="62" coveredelements="55" complexity="0" loc="35" ncloc="35" packages="3" files="7" classes="7"/>
    <package name="decorators">
      <metrics statements="13" coveredstatements="13" conditionals="2" coveredconditionals="0" methods="6" coveredmethods="6"/>
      <file name="baseDecorator.js" path="C:\Users\lucas\Downloads\faturamento-energia\faturamento-energia\decorators\baseDecorator.js">
        <metrics statements="2" coveredstatements="2" conditionals="0" coveredconditionals="0" methods="2" coveredmethods="2"/>
        <line num="4" count="2" type="stmt"/>
        <line num="8" count="3" type="stmt"/>
      </file>
      <file name="flagDecorator.js" path="C:\Users\lucas\Downloads\faturamento-energia\faturamento-energia\decorators\flagDecorator.js">
        <metrics statements="6" coveredstatements="6" conditionals="1" coveredconditionals="0" methods="2" coveredmethods="2"/>
        <line num="7" count="1" type="stmt"/>
        <line num="8" count="1" type="stmt"/>
        <line num="9" count="1" type="stmt"/>
        <line num="13" count="2" type="stmt"/>
        <line num="15" count="2" type="stmt"/>
        <line num="16" count="2" type="stmt"/>
      </file>
      <file name="taxDecorator.js" path="C:\Users\lucas\Downloads\faturamento-energia\faturamento-energia\decorators\taxDecorator.js">
        <metrics statements="5" coveredstatements="5" conditionals="1" coveredconditionals="0" methods="2" coveredmethods="2"/>
        <line num="6" count="1" type="stmt"/>
        <line num="7" count="1" type="stmt"/>
        <line num="11" count="1" type="stmt"/>
        <line num="12" count="1" type="stmt"/>
        <line num="13" count="1" type="stmt"/>
      </file>
    </package>
    <package name="infra">
      <metrics statements="6" coveredstatements="6" conditionals="4" coveredconditionals="3" methods="3" coveredmethods="3"/>
      <file name="tariffSingleton.js" path="C:\Users\lucas\Downloads\faturamento-energia\faturamento-energia\infra\tariffSingleton.js">
        <metrics statements="6" coveredstatements="6" conditionals="4" coveredconditionals="3" methods="3" coveredmethods="3"/>
        <line num="4" count="7" type="cond" truecount="2" falsecount="0"/>
        <line num="6" count="3" type="stmt"/>
        <line num="12" count="3" type="stmt"/>
        <line num="17" count="3" type="stmt"/>
        <line num="20" count="6" type="stmt"/>
        <line num="21" count="2" type="cond" truecount="1" falsecount="1"/>
      </file>
    </package>
    <package name="strategies">
      <metrics statements="16" coveredstatements="15" conditionals="7" coveredconditionals="5" methods="5" coveredmethods="4"/>
      <file name="baseStrategy.js" path="C:\Users\lucas\Downloads\faturamento-energia\faturamento-energia\strategies\baseStrategy.js">
        <metrics statements="1" coveredstatements="0" conditionals="0" coveredconditionals="0" methods="1" coveredmethods="0"/>
        <line num="4" count="0" type="stmt"/>
      </file>
      <file name="flatRateStrategy.js" path="C:\Users\lucas\Downloads\faturamento-energia\faturamento-energia\strategies\flatRateStrategy.js">
        <metrics statements="9" coveredstatements="9" conditionals="4" coveredconditionals="3" methods="2" coveredmethods="2"/>
        <line num="6" count="2" type="stmt"/>
        <line num="10" count="4" type="stmt"/>
        <line num="11" count="4" type="stmt"/>
        <line num="12" count="4" type="stmt"/>
        <line num="13" count="5" type="cond" truecount="1" falsecount="1"/>
        <line num="16" count="5" type="cond" truecount="2" falsecount="0"/>
        <line num="17" count="4" type="stmt"/>
        <line num="18" count="4" type="stmt"/>
        <line num="21" count="4" type="stmt"/>
      </file>
      <file name="seasonalStrategy.js" path="C:\Users\lucas\Downloads\faturamento-energia\faturamento-energia\strategies\seasonalStrategy.js">
        <metrics statements="6" coveredstatements="6" conditionals="3" coveredconditionals="2" methods="2" coveredmethods="2"/>
        <line num="7" count="2" type="stmt"/>
        <line num="8" count="2" type="stmt"/>
        <line num="9" count="2" type="stmt"/>
        <line num="14" count="2" type="cond" truecount="2" falsecount="0"/>
        <line num="16" count="2" type="stmt"/>
        <line num="17" count="2" type="stmt"/>
      </file>
    </package>
  </project>
</coverage>
