{"C:\\Users\\lucas\\Downloads\\faturamento-energia\\faturamento-energia\\decorators\\baseDecorator.js": {"path":"C:\\Users\\lucas\\Downloads\\faturamento-energia\\faturamento-energia\\decorators\\baseDecorator.js","statementMap":{"0":{"start":{"line":4,"column":4},"end":{"line":4,"column":31}},"1":{"start":{"line":8,"column":4},"end":{"line":8,"column":41}}},"fnMap":{"0":{"name":"(anonymous_0)","decl":{"start":{"line":3,"column":2},"end":{"line":3,"column":3}},"loc":{"start":{"line":3,"column":25},"end":{"line":5,"column":3}},"line":3},"1":{"name":"(anonymous_1)","decl":{"start":{"line":7,"column":2},"end":{"line":7,"column":3}},"loc":{"start":{"line":7,"column":17},"end":{"line":9,"column":3}},"line":7}},"branchMap":{},"s":{"0":2,"1":3},"f":{"0":2,"1":3},"b":{},"inputSourceMap":null,"_coverageSchema":"1a1c01bbd47fc00a2c39e90264f33305004495a9","hash":"47182afaab8265869274c15abe864ee29a22a957"}
,"C:\\Users\\lucas\\Downloads\\faturamento-energia\\faturamento-energia\\decorators\\flagDecorator.js": {"path":"C:\\Users\\lucas\\Downloads\\faturamento-energia\\faturamento-energia\\decorators\\flagDecorator.js","statementMap":{"0":{"start":{"line":7,"column":4},"end":{"line":7,"column":21}},"1":{"start":{"line":8,"column":4},"end":{"line":8,"column":21}},"2":{"start":{"line":9,"column":4},"end":{"line":9,"column":40}},"3":{"start":{"line":13,"column":17},"end":{"line":13,"column":37}},"4":{"start":{"line":15,"column":23},"end":{"line":15,"column":64}},"5":{"start":{"line":16,"column":4},"end":{"line":16,"column":29}}},"fnMap":{"0":{"name":"(anonymous_0)","decl":{"start":{"line":6,"column":2},"end":{"line":6,"column":3}},"loc":{"start":{"line":6,"column":41},"end":{"line":10,"column":3}},"line":6},"1":{"name":"(anonymous_1)","decl":{"start":{"line":12,"column":2},"end":{"line":12,"column":3}},"loc":{"start":{"line":12,"column":17},"end":{"line":17,"column":3}},"line":12}},"branchMap":{"0":{"loc":{"start":{"line":6,"column":25},"end":{"line":6,"column":39}},"type":"default-arg","locations":[{"start":{"line":6,"column":32},"end":{"line":6,"column":39}}],"line":6}},"s":{"0":1,"1":1,"2":1,"3":2,"4":2,"5":2},"f":{"0":1,"1":2},"b":{"0":[0]},"inputSourceMap":null,"_coverageSchema":"1a1c01bbd47fc00a2c39e90264f33305004495a9","hash":"80155fad253c2f441fe075d54f40a8de20621067"}
,"C:\\Users\\lucas\\Downloads\\faturamento-energia\\faturamento-energia\\decorators\\taxDecorator.js": {"path":"C:\\Users\\lucas\\Downloads\\faturamento-energia\\faturamento-energia\\decorators\\taxDecorator.js","statementMap":{"0":{"start":{"line":6,"column":4},"end":{"line":6,"column":21}},"1":{"start":{"line":7,"column":4},"end":{"line":7,"column":33}},"2":{"start":{"line":11,"column":17},"end":{"line":11,"column":37}},"3":{"start":{"line":12,"column":16},"end":{"line":12,"column":38}},"4":{"start":{"line":13,"column":4},"end":{"line":13,"column":22}}},"fnMap":{"0":{"name":"(anonymous_0)","decl":{"start":{"line":5,"column":2},"end":{"line":5,"column":3}},"loc":{"start":{"line":5,"column":44},"end":{"line":8,"column":3}},"line":5},"1":{"name":"(anonymous_1)","decl":{"start":{"line":10,"column":2},"end":{"line":10,"column":3}},"loc":{"start":{"line":10,"column":17},"end":{"line":14,"column":3}},"line":10}},"branchMap":{"0":{"loc":{"start":{"line":5,"column":25},"end":{"line":5,"column":42}},"type":"default-arg","locations":[{"start":{"line":5,"column":38},"end":{"line":5,"column":42}}],"line":5}},"s":{"0":1,"1":1,"2":1,"3":1,"4":1},"f":{"0":1,"1":1},"b":{"0":[0]},"inputSourceMap":null,"_coverageSchema":"1a1c01bbd47fc00a2c39e90264f33305004495a9","hash":"731fbafdae349fa49079683a591d00ca08bbb0b1"}
,"C:\\Users\\lucas\\Downloads\\faturamento-energia\\faturamento-energia\\infra\\tariffSingleton.js": {"path":"C:\\Users\\lucas\\Downloads\\faturamento-energia\\faturamento-energia\\infra\\tariffSingleton.js","statementMap":{"0":{"start":{"line":4,"column":4},"end":{"line":4,"column":66}},"1":{"start":{"line":4,"column":34},"end":{"line":4,"column":66}},"2":{"start":{"line":6,"column":4},"end":{"line":10,"column":6}},"3":{"start":{"line":12,"column":4},"end":{"line":16,"column":6}},"4":{"start":{"line":17,"column":4},"end":{"line":17,"column":36}},"5":{"start":{"line":20,"column":21},"end":{"line":20,"column":45}},"6":{"start":{"line":21,"column":23},"end":{"line":21,"column":52}}},"fnMap":{"0":{"name":"(anonymous_0)","decl":{"start":{"line":3,"column":2},"end":{"line":3,"column":3}},"loc":{"start":{"line":3,"column":16},"end":{"line":18,"column":3}},"line":3},"1":{"name":"(anonymous_1)","decl":{"start":{"line":20,"column":2},"end":{"line":20,"column":3}},"loc":{"start":{"line":20,"column":19},"end":{"line":20,"column":47}},"line":20},"2":{"name":"(anonymous_2)","decl":{"start":{"line":21,"column":2},"end":{"line":21,"column":3}},"loc":{"start":{"line":21,"column":21},"end":{"line":21,"column":54}},"line":21}},"branchMap":{"0":{"loc":{"start":{"line":4,"column":4},"end":{"line":4,"column":66}},"type":"if","locations":[{"start":{"line":4,"column":4},"end":{"line":4,"column":66}},{"start":{},"end":{}}],"line":4},"1":{"loc":{"start":{"line":21,"column":30},"end":{"line":21,"column":51}},"type":"binary-expr","locations":[{"start":{"line":21,"column":30},"end":{"line":21,"column":46}},{"start":{"line":21,"column":50},"end":{"line":21,"column":51}}],"line":21}},"s":{"0":7,"1":4,"2":3,"3":3,"4":3,"5":6,"6":2},"f":{"0":7,"1":6,"2":2},"b":{"0":[4,3],"1":[2,0]},"inputSourceMap":null,"_coverageSchema":"1a1c01bbd47fc00a2c39e90264f33305004495a9","hash":"ae8d93fd70b2b809648a1e85e6a8aa41930d21d4"}
,"C:\\Users\\lucas\\Downloads\\faturamento-energia\\faturamento-energia\\strategies\\baseStrategy.js": {"path":"C:\\Users\\lucas\\Downloads\\faturamento-energia\\faturamento-energia\\strategies\\baseStrategy.js","statementMap":{"0":{"start":{"line":4,"column":4},"end":{"line":4,"column":55}}},"fnMap":{"0":{"name":"(anonymous_0)","decl":{"start":{"line":3,"column":2},"end":{"line":3,"column":3}},"loc":{"start":{"line":3,"column":17},"end":{"line":5,"column":3}},"line":3}},"branchMap":{},"s":{"0":0},"f":{"0":0},"b":{},"inputSourceMap":null,"_coverageSchema":"1a1c01bbd47fc00a2c39e90264f33305004495a9","hash":"91135885bf2f36c398c459abeb8bf9854041bfd3"}
,"C:\\Users\\lucas\\Downloads\\faturamento-energia\\faturamento-energia\\strategies\\flatRateStrategy.js": {"path":"C:\\Users\\lucas\\Downloads\\faturamento-energia\\faturamento-energia\\strategies\\flatRateStrategy.js","statementMap":{"0":{"start":{"line":6,"column":18},"end":{"line":6,"column":26}},"1":{"start":{"line":6,"column":27},"end":{"line":6,"column":63}},"2":{"start":{"line":10,"column":20},"end":{"line":10,"column":23}},"3":{"start":{"line":11,"column":15},"end":{"line":11,"column":16}},"4":{"start":{"line":12,"column":4},"end":{"line":20,"column":5}},"5":{"start":{"line":13,"column":23},"end":{"line":13,"column":68}},"6":{"start":{"line":16,"column":6},"end":{"line":19,"column":7}},"7":{"start":{"line":17,"column":8},"end":{"line":17,"column":33}},"8":{"start":{"line":18,"column":8},"end":{"line":18,"column":14}},"9":{"start":{"line":21,"column":4},"end":{"line":21,"column":16}}},"fnMap":{"0":{"name":"(anonymous_0)","decl":{"start":{"line":6,"column":2},"end":{"line":6,"column":3}},"loc":{"start":{"line":6,"column":16},"end":{"line":6,"column":65}},"line":6},"1":{"name":"(anonymous_1)","decl":{"start":{"line":8,"column":2},"end":{"line":8,"column":3}},"loc":{"start":{"line":8,"column":17},"end":{"line":22,"column":3}},"line":8}},"branchMap":{"0":{"loc":{"start":{"line":13,"column":23},"end":{"line":13,"column":68}},"type":"cond-expr","locations":[{"start":{"line":13,"column":48},"end":{"line":13,"column":56}},{"start":{"line":13,"column":59},"end":{"line":13,"column":68}}],"line":13},"1":{"loc":{"start":{"line":16,"column":6},"end":{"line":19,"column":7}},"type":"if","locations":[{"start":{"line":16,"column":6},"end":{"line":19,"column":7}},{"start":{},"end":{}}],"line":16}},"s":{"0":2,"1":2,"2":4,"3":4,"4":4,"5":5,"6":5,"7":4,"8":4,"9":4},"f":{"0":2,"1":4},"b":{"0":[0,5],"1":[4,1]},"inputSourceMap":null,"_coverageSchema":"1a1c01bbd47fc00a2c39e90264f33305004495a9","hash":"41a640bba2396554495d4d1ef6e8c1daa68b56e3"}
,"C:\\Users\\lucas\\Downloads\\faturamento-energia\\faturamento-energia\\strategies\\seasonalStrategy.js": {"path":"C:\\Users\\lucas\\Downloads\\faturamento-energia\\faturamento-energia\\strategies\\seasonalStrategy.js","statementMap":{"0":{"start":{"line":7,"column":4},"end":{"line":7,"column":12}},"1":{"start":{"line":8,"column":4},"end":{"line":8,"column":25}},"2":{"start":{"line":9,"column":4},"end":{"line":9,"column":40}},"3":{"start":{"line":14,"column":23},"end":{"line":14,"column":57}},"4":{"start":{"line":16,"column":22},"end":{"line":16,"column":69}},"5":{"start":{"line":17,"column":4},"end":{"line":17,"column":40}}},"fnMap":{"0":{"name":"(anonymous_0)","decl":{"start":{"line":6,"column":2},"end":{"line":6,"column":3}},"loc":{"start":{"line":6,"column":33},"end":{"line":10,"column":3}},"line":6},"1":{"name":"(anonymous_1)","decl":{"start":{"line":12,"column":2},"end":{"line":12,"column":3}},"loc":{"start":{"line":12,"column":17},"end":{"line":18,"column":3}},"line":12}},"branchMap":{"0":{"loc":{"start":{"line":6,"column":14},"end":{"line":6,"column":31}},"type":"default-arg","locations":[{"start":{"line":6,"column":23},"end":{"line":6,"column":31}}],"line":6},"1":{"loc":{"start":{"line":14,"column":23},"end":{"line":14,"column":57}},"type":"cond-expr","locations":[{"start":{"line":14,"column":48},"end":{"line":14,"column":51}},{"start":{"line":14,"column":54},"end":{"line":14,"column":57}}],"line":14}},"s":{"0":2,"1":2,"2":2,"3":2,"4":2,"5":2},"f":{"0":2,"1":2},"b":{"0":[0],"1":[1,1]},"inputSourceMap":null,"_coverageSchema":"1a1c01bbd47fc00a2c39e90264f33305004495a9","hash":"fbb8f5c692c062f76fdf5dec1cb82d1fdf093fd6"}
}
